<?xml version="1.0" encoding="UTF-8"?>
<testsuite name="AppTest" tests="9" skipped="0" failures="0" errors="0" timestamp="2018-04-21T15:07:00" hostname="/0:0:0:0:0:0:0:1%lo" time="0.003">
  <properties/>
  <testcase name="Laenge" classname="AppTest" time="0.0"/>
  <testcase name="Untermenge" classname="AppTest" time="0.001"/>
  <testcase name="Differenz" classname="AppTest" time="0.0"/>
  <testcase name="Vergleich" classname="AppTest" time="0.001"/>
  <testcase name="Haeufigster" classname="AppTest" time="0.0"/>
  <testcase name="Ausgabe" classname="AppTest" time="0.0"/>
  <testcase name="Verschieden" classname="AppTest" time="0.0"/>
  <testcase name="Mindestens" classname="AppTest" time="0.0"/>
  <testcase name="Anzahl" classname="AppTest" time="0.0"/>
  <system-out><![CDATA[]]></system-out>
  <system-err><![CDATA[]]></system-err>
</testsuite>
